[2020-06-28 04:45:40] main.DEBUG: cache_invalidate:  {"method":"POST","url":"https://chivoz.com/setup/index.php/install/start","invalidateInfo":{"tags":["CONFIG"],"mode":"matchingTag"}} []
[2020-06-28 04:45:40] main.DEBUG: cache_invalidate:  {"method":"POST","url":"https://chivoz.com/setup/index.php/install/start","invalidateInfo":{"tags":["LAYOUT_GENERAL_CACHE_TAG"],"mode":"matchingTag"}} []
[2020-06-28 04:45:40] main.DEBUG: cache_invalidate:  {"method":"POST","url":"https://chivoz.com/setup/index.php/install/start","invalidateInfo":{"tags":["BLOCK_HTML"],"mode":"matchingTag"}} []
[2020-06-28 04:45:40] main.DEBUG: cache_invalidate:  {"method":"POST","url":"https://chivoz.com/setup/index.php/install/start","invalidateInfo":{"tags":["COLLECTION_DATA"],"mode":"matchingTag"}} []
[2020-06-28 04:45:40] main.DEBUG: cache_invalidate:  {"method":"POST","url":"https://chivoz.com/setup/index.php/install/start","invalidateInfo":{"tags":["REFLECTION"],"mode":"matchingTag"}} []
[2020-06-28 04:45:40] main.DEBUG: cache_invalidate:  {"method":"POST","url":"https://chivoz.com/setup/index.php/install/start","invalidateInfo":{"tags":["DB_DDL"],"mode":"matchingTag"}} []
[2020-06-28 04:45:40] main.DEBUG: cache_invalidate:  {"method":"POST","url":"https://chivoz.com/setup/index.php/install/start","invalidateInfo":{"tags":["EAV"],"mode":"matchingTag"}} []
[2020-06-28 04:45:40] main.DEBUG: cache_invalidate:  {"method":"POST","url":"https://chivoz.com/setup/index.php/install/start","invalidateInfo":{"tags":["CUSTOMER_NOTIFICATION"],"mode":"matchingTag"}} []
[2020-06-28 04:45:40] main.DEBUG: cache_invalidate:  {"method":"POST","url":"https://chivoz.com/setup/index.php/install/start","invalidateInfo":{"tags":["INTEGRATION"],"mode":"matchingTag"}} []
[2020-06-28 04:45:40] main.DEBUG: cache_invalidate:  {"method":"POST","url":"https://chivoz.com/setup/index.php/install/start","invalidateInfo":{"tags":["INTEGRATION_API_CONFIG"],"mode":"matchingTag"}} []
[2020-06-28 04:45:41] main.DEBUG: cache_invalidate:  {"method":"POST","url":"https://chivoz.com/setup/index.php/install/start","invalidateInfo":{"tags":["FPC"],"mode":"matchingTag"}} []
[2020-06-28 04:45:41] main.DEBUG: cache_invalidate:  {"method":"POST","url":"https://chivoz.com/setup/index.php/install/start","invalidateInfo":{"tags":["TRANSLATE"],"mode":"matchingTag"}} []
[2020-06-28 04:45:41] main.DEBUG: cache_invalidate:  {"method":"POST","url":"https://chivoz.com/setup/index.php/install/start","invalidateInfo":{"tags":["WEBSERVICE"],"mode":"matchingTag"}} []
[2020-06-28 04:45:52] main.DEBUG: cache_invalidate:  {"method":"POST","url":"https://chivoz.com/setup/index.php/install/start","invalidateInfo":{"tags":["CONFIG"],"mode":"matchingTag"}} []
[2020-06-28 04:45:52] main.DEBUG: cache_invalidate:  {"method":"POST","url":"https://chivoz.com/setup/index.php/install/start","invalidateInfo":{"tags":["LAYOUT_GENERAL_CACHE_TAG"],"mode":"matchingTag"}} []
[2020-06-28 04:45:52] main.DEBUG: cache_invalidate:  {"method":"POST","url":"https://chivoz.com/setup/index.php/install/start","invalidateInfo":{"tags":["BLOCK_HTML"],"mode":"matchingTag"}} []
[2020-06-28 04:45:52] main.DEBUG: cache_invalidate:  {"method":"POST","url":"https://chivoz.com/setup/index.php/install/start","invalidateInfo":{"tags":["COLLECTION_DATA"],"mode":"matchingTag"}} []
[2020-06-28 04:45:52] main.DEBUG: cache_invalidate:  {"method":"POST","url":"https://chivoz.com/setup/index.php/install/start","invalidateInfo":{"tags":["REFLECTION"],"mode":"matchingTag"}} []
[2020-06-28 04:45:52] main.DEBUG: cache_invalidate:  {"method":"POST","url":"https://chivoz.com/setup/index.php/install/start","invalidateInfo":{"tags":["DB_DDL"],"mode":"matchingTag"}} []
[2020-06-28 04:45:52] main.DEBUG: cache_invalidate:  {"method":"POST","url":"https://chivoz.com/setup/index.php/install/start","invalidateInfo":{"tags":["EAV"],"mode":"matchingTag"}} []
[2020-06-28 04:45:52] main.DEBUG: cache_invalidate:  {"method":"POST","url":"https://chivoz.com/setup/index.php/install/start","invalidateInfo":{"tags":["CUSTOMER_NOTIFICATION"],"mode":"matchingTag"}} []
[2020-06-28 04:45:52] main.DEBUG: cache_invalidate:  {"method":"POST","url":"https://chivoz.com/setup/index.php/install/start","invalidateInfo":{"tags":["INTEGRATION"],"mode":"matchingTag"}} []
[2020-06-28 04:45:52] main.DEBUG: cache_invalidate:  {"method":"POST","url":"https://chivoz.com/setup/index.php/install/start","invalidateInfo":{"tags":["INTEGRATION_API_CONFIG"],"mode":"matchingTag"}} []
[2020-06-28 04:45:52] main.DEBUG: cache_invalidate:  {"method":"POST","url":"https://chivoz.com/setup/index.php/install/start","invalidateInfo":{"tags":["FPC"],"mode":"matchingTag"}} []
[2020-06-28 04:45:52] main.DEBUG: cache_invalidate:  {"method":"POST","url":"https://chivoz.com/setup/index.php/install/start","invalidateInfo":{"tags":["TRANSLATE"],"mode":"matchingTag"}} []
[2020-06-28 04:45:52] main.DEBUG: cache_invalidate:  {"method":"POST","url":"https://chivoz.com/setup/index.php/install/start","invalidateInfo":{"tags":["WEBSERVICE"],"mode":"matchingTag"}} []
[2020-06-28 04:45:55] main.DEBUG: cache_invalidate:  {"method":"GET","url":"https://chivoz.com/setup/index.php/success","invalidateInfo":{"tags":["interception","CONFIG"],"mode":"matchingTag"}} []
[2020-06-28 04:45:55] main.DEBUG: cache_invalidate:  {"method":"POST","url":"https://chivoz.com/setup/index.php/install/progress","invalidateInfo":{"tags":["interception","CONFIG"],"mode":"matchingTag"}} []
[2020-06-28 04:59:54] main.DEBUG: cache_invalidate:  {"method":"GET","url":"http:/","invalidateInfo":{"tags":["interception","CONFIG"],"mode":"matchingTag"}} []
[2020-06-28 05:00:26] main.DEBUG: cache_invalidate:  {"method":"POST","url":"https://chivoz.com/setup/index.php/session/prolong","invalidateInfo":{"tags":["interception","CONFIG"],"mode":"matchingTag"}} []
[2020-06-28 08:09:24] main.DEBUG: cache_invalidate:  {"method":"GET","url":"http:/","invalidateInfo":{"tags":["interception","CONFIG"],"mode":"matchingTag"}} []
[2020-06-28 08:58:10] main.DEBUG: cache_invalidate:  {"method":"GET","url":"http:/","invalidateInfo":{"tags":["interception","CONFIG"],"mode":"matchingTag"}} []
[2020-06-28 10:35:59] main.DEBUG: cache_invalidate:  {"method":"GET","url":"https://chivoz.com/admin/admin/cache/index/key/4a6ca1c2a6b494b80ead1aa5c143ac2492940094832ab0312bd54f1583021169/","invalidateInfo":{"tags":["interception","CONFIG"],"mode":"matchingTag"}} []
[2020-06-30 01:04:29] main.DEBUG: cache_invalidate:  {"method":"GET","url":"https://chivoz.com/admin/admin/system_store/index/key/97af7115b01d2e04cc3e5b5353332ed43800b5d9eb61f3ea3aade4c740dae580/","invalidateInfo":{"tags":["interception","CONFIG"],"mode":"matchingTag"}} []
[2020-06-30 01:05:43] main.DEBUG: cache_invalidate:  {"method":"GET","url":"https://chivoz.com/admin/admin/system_store/index/key/97af7115b01d2e04cc3e5b5353332ed43800b5d9eb61f3ea3aade4c740dae580/","invalidateInfo":{"tags":["interception","CONFIG"],"mode":"matchingTag"}} []
[2020-06-30 01:08:29] main.DEBUG: cache_invalidate:  {"method":"GET","url":"https://chivoz.com/admin/admin/system_store/index/key/97af7115b01d2e04cc3e5b5353332ed43800b5d9eb61f3ea3aade4c740dae580/","invalidateInfo":{"tags":["interception","CONFIG"],"mode":"matchingTag"}} []
[2020-06-30 03:16:27] main.DEBUG: cache_invalidate:  {"method":"GET","url":"https://chivoz.com/admin/admin/cache/index/key/9b748dc1008607648d9a9f70cf16ff5c77e753ac7be79700af39d762f109e6df/","invalidateInfo":{"tags":["interception","CONFIG"],"mode":"matchingTag"}} []
[2020-06-30 03:25:46] main.DEBUG: cache_invalidate:  {"method":"GET","url":"http:/","invalidateInfo":{"tags":["interception","CONFIG"],"mode":"matchingTag"}} []
[2020-06-30 03:34:19] main.DEBUG: cache_invalidate:  {"method":"GET","url":"http:/","invalidateInfo":{"tags":["interception","CONFIG"],"mode":"matchingTag"}} []
[2020-06-30 23:58:27] main.DEBUG: cache_invalidate:  {"method":"GET","url":"https://chivoz.com/favicon.ico","invalidateInfo":{"tags":["interception","CONFIG"],"mode":"matchingTag"}} []
[2020-07-01 00:14:24] main.DEBUG: cache_invalidate:  {"method":"GET","url":"https://chivoz.com/admin/admin/cache/index/key/7c0765def51dda86cc5d1aed337a0f622b2ce18ad90fe49d755f6b7eb236589a/","invalidateInfo":{"tags":["interception","CONFIG"],"mode":"matchingTag"}} []
[2020-07-01 00:54:54] main.DEBUG: cache_invalidate:  {"method":"GET","url":"http:/","invalidateInfo":{"tags":["interception","CONFIG"],"mode":"matchingTag"}} []
[2020-07-02 00:45:48] main.DEBUG: cache_invalidate:  {"method":"GET","url":"https://chivoz.com/marketplace/product/manage/","invalidateInfo":{"tags":["interception","CONFIG"],"mode":"matchingTag"}} []
[2020-07-03 07:47:58] main.DEBUG: cache_invalidate:  {"method":"GET","url":"http:/","invalidateInfo":{"tags":["interception","CONFIG"],"mode":"matchingTag"}} []
[2020-07-03 20:29:40] main.DEBUG: cache_invalidate:  {"method":"POST","url":"https://chivoz.com/customer/account/logout/","invalidateInfo":{"tags":["interception","CONFIG"],"mode":"matchingTag"}} []
[2020-07-03 20:30:13] main.DEBUG: cache_invalidate:  {"method":"GET","url":"http:/","invalidateInfo":{"tags":["interception","CONFIG"],"mode":"matchingTag"}} []
[2020-07-04 00:26:29] main.DEBUG: cache_invalidate:  {"method":"GET","url":"https://chivoz.com/admin/admin/dashboard/index/key/25c3dfbccb5771eb2f26b85663d163d82199b0e99018a9ef413bcd47160b6445/","invalidateInfo":{"tags":["interception","CONFIG"],"mode":"matchingTag"}} []
[2020-07-04 00:45:43] main.DEBUG: cache_invalidate:  {"method":"GET","url":"https://chivoz.com/admin/mui/index/render/key/e624d833df8d7e50b478aec4df2224c152a04e2eb71e34877522fb3d925e3903/?namespace=notification_area&sorting%5Bfield%5D=created_at&sorting%5Bdirection%5D=asc&isAjax=true","invalidateInfo":{"tags":["interception","CONFIG"],"mode":"matchingTag"}} []
[2020-07-04 00:45:43] main.DEBUG: cache_invalidate:  {"method":"GET","url":"https://chivoz.com/admin/admin/cache/index/key/70444b68a8db4a62bcd86f654ffa1106881520b1e8886f6b90f236418b3ac363/","invalidateInfo":{"tags":["interception","CONFIG"],"mode":"matchingTag"}} []
[2020-07-04 01:38:17] main.DEBUG: cache_invalidate:  {"method":"GET","url":"http:/","invalidateInfo":{"tags":["interception","CONFIG"],"mode":"matchingTag"}} []
[2020-07-04 01:39:20] main.DEBUG: cache_invalidate:  {"method":"GET","url":"https://chivoz.com/admin/mui/index/render/key/3c3251def596059c98d266dc5d638c5d2617bc077699c7bb5c7bad00077cc6e1/?namespace=notification_area&sorting%5Bfield%5D=created_at&sorting%5Bdirection%5D=asc&isAjax=true","invalidateInfo":{"tags":["interception","CONFIG"],"mode":"matchingTag"}} []
[2020-07-04 01:55:55] main.DEBUG: cache_invalidate:  {"method":"GET","url":"http:/","invalidateInfo":{"tags":["interception","CONFIG"],"mode":"matchingTag"}} []
[2020-07-04 02:06:17] main.DEBUG: cache_invalidate:  {"method":"GET","url":"http:/","invalidateInfo":{"tags":["interception","CONFIG"],"mode":"matchingTag"}} []
[2020-07-04 02:08:14] main.DEBUG: cache_invalidate:  {"method":"GET","url":"http:/","invalidateInfo":{"tags":["interception","CONFIG"],"mode":"matchingTag"}} []
[2020-07-04 02:08:20] main.DEBUG: cache_invalidate:  {"method":"GET","url":"http:/","invalidateInfo":{"tags":["interception","CONFIG"],"mode":"matchingTag"}} []
[2020-07-04 03:19:56] main.DEBUG: cache_invalidate:  {"method":"GET","url":"https://chivoz.com/marketplace/product/manage/","invalidateInfo":{"tags":["interception","CONFIG"],"mode":"matchingTag"}} []
[2020-07-04 04:18:00] main.DEBUG: cache_invalidate:  {"method":"GET","url":"http:/","invalidateInfo":{"tags":["interception","CONFIG"],"mode":"matchingTag"}} []
[2020-07-04 06:55:36] main.DEBUG: cache_invalidate:  {"method":"GET","url":"https://chivoz.com/marketplace/product/manage/","invalidateInfo":{"tags":["interception","CONFIG"],"mode":"matchingTag"}} []
[2020-07-04 07:18:58] main.DEBUG: cache_invalidate:  {"method":"GET","url":"http:/","invalidateInfo":{"tags":["interception","CONFIG"],"mode":"matchingTag"}} []
