2020-07-02T02:13:09+00:00 INFO (6): array (
  'order_id' => '000000001',
  'ern' => '000000001',
  'pagadito_token' => 'aef61f41d699b9a3d751838a8a92d535',
  'currency' => 'USD',
  'date' => '2020-07-02 02:13:09',
)
2020-07-02T02:19:10+00:00 INFO (6): array (
  'order_id' => '000000002',
  'ern' => '000000002',
  'pagadito_token' => '40748922187e9583228c26f0b0caf5b4',
  'currency' => 'USD',
  'date' => '2020-07-02 02:19:10',
)
2020-07-02T02:21:29+00:00 INFO (6): 000000002
2020-07-02T04:10:35+00:00 INFO (6): array (
  'order_id' => '000000003',
  'ern' => '000000003',
  'pagadito_token' => 'b44224ac660db3b4f24130c168f60bd0',
  'currency' => 'USD',
  'date' => '2020-07-02 04:10:35',
)
2020-07-02T04:11:38+00:00 INFO (6): 000000003
2020-07-02T04:47:00+00:00 INFO (6): array (
  'order_id' => '000000004',
  'ern' => '000000004',
  'pagadito_token' => '5c9b0ac199c000f303e1aa9ce3f406de',
  'currency' => 'USD',
  'date' => '2020-07-02 04:47:00',
)
2020-07-02T04:54:38+00:00 INFO (6): array (
  'order_id' => '000000005',
  'ern' => '000000005',
  'pagadito_token' => '5d4e5e060be364751f295aa34516556b',
  'currency' => 'USD',
  'date' => '2020-07-02 04:54:38',
)
2020-07-02T21:50:27+00:00 INFO (6): array (
  'order_id' => '000000006',
  'ern' => '000000006',
  'pagadito_token' => '5f02070e7fdd772a9bb2f491a9888f6c',
  'currency' => 'USD',
  'date' => '2020-07-02 21:50:27',
)
2020-07-02T21:52:11+00:00 INFO (6): 000000006
2020-07-02T21:55:25+00:00 INFO (6): 000000006
